\BOOKMARK [0][-]{Desky.0}{Desky}{}% 1
\BOOKMARK [0][-]{Titulni strana.0}{Tituln\355\040strana}{}% 2
\BOOKMARK [0][-]{Bibliograficky zaznam.0}{Bibliografick\375\040z\341znam}{}% 3
\BOOKMARK [0][-]{Bibliographic Entry.0}{Bibliographic\040Entry}{}% 4
\BOOKMARK [0][-]{Abstrakt.0}{Abstrakt}{}% 5
\BOOKMARK [0][-]{Abstract.0}{Abstract}{}% 6
\BOOKMARK [0][-]{Oficialni zadani.0}{Ofici\341ln\355\040zad\341n\355}{}% 7
\BOOKMARK [0][-]{Podekovani.0}{\376\377\000P\000o\000d\001\033\000k\000o\000v\000\341\000n\000\355}{}% 8
\BOOKMARK [0][-]{Prohlaseni.0}{Prohl\341\235en\355}{}% 9
\BOOKMARK [0][-]{Obsah.0}{Obsah}{}% 10
\BOOKMARK [0][-]{chapter*.3}{\332vod}{}% 11
\BOOKMARK [0][-]{chapter.1}{Prvn\355\040kapitola}{}% 12
\BOOKMARK [1][-]{section.1.1}{Podkapitola}{chapter.1}% 13
\BOOKMARK [2][-]{subsection.1.1.1}{Odstavec}{section.1.1}% 14
\BOOKMARK [0][-]{chapter.2}{Druh\341\040kapitola\040s\040matematikou\040int\040f\(x\)\040dx\040v\040n\341zvu}{}% 15
\BOOKMARK [1][-]{section.2.1}{Podkapitola}{chapter.2}% 16
\BOOKMARK [1][-]{section.2.2}{Nadpis\0402}{chapter.2}% 17
\BOOKMARK [0][-]{chapter.3}{Kapitola}{}% 18
\BOOKMARK [1][-]{section.3.1}{Nadpis}{chapter.3}% 19
\BOOKMARK [0][-]{chapter*.5}{\376\377\000Z\000\341\000v\001\033\000r}{}% 20
